# JRE version: OpenJDK Runtime Environment Temurin-17.0.18+8 (17.0.18+8) (build 17.0.18+8)
# Java VM: OpenJDK 64-Bit Server VM Temurin-17.0.18+8 (17.0.18+8, mixed mode, sharing, tiered, compressed oops, compressed class ptrs, g1 gc, windows-amd64)
GC Precious Log:
 CPUs: 12 total, 12 available
 Memory: 5989M
 Large Page Support: Disabled
 NUMA Support: Disabled
 Compressed Oops: Enabled (32-bit)
 Heap Region Size: 1M
 Heap Min Capacity: 8M
 Heap Initial Capacity: 94M
 Heap Max Capacity: 1498M
 Pre-touch: Disabled
 Parallel Workers: 10
 Concurrent Workers: 3
 Concurrent Refinement Workers: 10
 Periodic GC: Disabled
Heap:
 garbage-first heap   total 55296K, used 41627K [0x00000000a2600000, 0x0000000100000000)
  region size 1024K, 28 young (28672K), 1 survivors (1024K)
 Metaspace       used 25330K, committed 25728K, reserved 1114112K
  class space    used 3261K, committed 3456K, reserved 1048576K
GC Heap History (8 events):
Event: 1.850 GC heap before
{Heap before GC invocations=0 (full 0):
 garbage-first heap   total 96256K, used 25600K [0x00000000a2600000, 0x0000000100000000)
  region size 1024K, 23 young (23552K), 0 survivors (0K)
 Metaspace       used 5296K, committed 5440K, reserved 1114112K
  class space    used 595K, committed 640K, reserved 1048576K
}
Event: 1.856 GC heap after
{Heap after GC invocations=1 (full 0):
 garbage-first heap   total 96256K, used 7879K [0x00000000a2600000, 0x0000000100000000)
  region size 1024K, 3 young (3072K), 3 survivors (3072K)
 Metaspace       used 5296K, committed 5440K, reserved 1114112K
  class space    used 595K, committed 640K, reserved 1048576K
}
Event: 3.664 GC heap before
{Heap before GC invocations=1 (full 0):
 garbage-first heap   total 96256K, used 36551K [0x00000000a2600000, 0x0000000100000000)
  region size 1024K, 31 young (31744K), 3 survivors (3072K)
 Metaspace       used 12612K, committed 12992K, reserved 1114112K
  class space    used 1548K, committed 1728K, reserved 1048576K
}
Event: 3.671 GC heap after
{Heap after GC invocations=2 (full 0):
 garbage-first heap   total 96256K, used 10784K [0x00000000a2600000, 0x0000000100000000)
  region size 1024K, 3 young (3072K), 3 survivors (3072K)
 Metaspace       used 12612K, committed 12992K, reserved 1114112K
  class space    used 1548K, committed 1728K, reserved 1048576K
}
Event: 6.975 GC heap before
{Heap before GC invocations=2 (full 0):
 garbage-first heap   total 96256K, used 56864K [0x00000000a2600000, 0x0000000100000000)
  region size 1024K, 49 young (50176K), 3 survivors (3072K)
 Metaspace       used 20348K, committed 20736K, reserved 1114112K
  class space    used 2543K, committed 2688K, reserved 1048576K
}
Event: 7.008 GC heap after
{Heap after GC invocations=3 (full 0):
 garbage-first heap   total 96256K, used 14208K [0x00000000a2600000, 0x0000000100000000)
  region size 1024K, 7 young (7168K), 7 survivors (7168K)
 Metaspace       used 20348K, committed 20736K, reserved 1114112K
  class space    used 2543K, committed 2688K, reserved 1048576K
}
Event: 8.009 GC heap before
{Heap before GC invocations=3 (full 0):
 garbage-first heap   total 96256K, used 18304K [0x00000000a2600000, 0x0000000100000000)
  region size 1024K, 12 young (12288K), 7 survivors (7168K)
 Metaspace       used 21163K, committed 21504K, reserved 1114112K
  class space    used 2641K, committed 2816K, reserved 1048576K
}
Event: 8.066 GC heap after
{Heap after GC invocations=4 (full 0):
 garbage-first heap   total 96256K, used 15003K [0x00000000a2600000, 0x0000000100000000)
  region size 1024K, 1 young (1024K), 1 survivors (1024K)
 Metaspace       used 21163K, committed 21504K, reserved 1114112K
  class space    used 2641K, committed 2816K, reserved 1048576K
}

